#
# There is insufficient memory for the Java Runtime Environment to continue.
# Native memory allocation (malloc) failed to allocate 300176 bytes for Chunk::new
# Possible reasons:
#   The system is out of physical RAM or swap space
#   The process is running with CompressedOops enabled, and the Java Heap may be blocking the growth of the native heap
# Possible solutions:
#   Reduce memory load on the system
#   Increase physical memory or swap space
#   Check if swap backing store is full
#   Decrease Java heap size (-Xmx/-Xms)
#   Decrease number of Java threads
#   Decrease Java thread stack sizes (-Xss)
#   Set larger code cache with -XX:ReservedCodeCacheSize=
#   JVM is running with Unscaled Compressed Oops mode in which the Java heap is
#     placed in the first 4GB address space. The Java Heap base address is the
#     maximum limit for the native heap growth. Please use -XX:HeapBaseMinAddress
#     to set the Java Heap base and to place the Java Heap above 4GB virtual address.
# This output file may be truncated or incomplete.
#
#  Out of Memory Error (allocation.cpp:389), pid=2780, tid=0x000000000000217c
#
# JRE version: OpenJDK Runtime Environment (8.0_242-b01) (build 1.8.0_242-release-1644-b01)
# Java VM: OpenJDK 64-Bit Server VM (25.242-b01 mixed mode windows-amd64 compressed oops)
# Failed to write core dump. Minidumps are not enabled by default on client versions of Windows
#

---------------  T H R E A D  ---------------

Current thread (0x000000001778c000):  JavaThread "C2 CompilerThread1" daemon [_thread_in_native, id=8572, stack(0x0000000018ed0000,0x0000000018fd0000)]

Stack: [0x0000000018ed0000,0x0000000018fd0000]
[error occurred during error reporting (printing stack bounds), id 0xc0000005]

Native frames: (J=compiled Java code, j=interpreted, Vv=VM code, C=native code)


Current CompileTask:
C2:  62034 11270       4       sun.nio.fs.WindowsPathParser::normalize (233 bytes)


---------------  P R O C E S S  ---------------

Java Threads: ( => current thread )
  0x000000001bbd3800 JavaThread "WorkerExecutor Queue Thread 6" [_thread_blocked, id=5392, stack(0x0000000027280000,0x0000000027380000)]
  0x000000001bbd2800 JavaThread "Cache worker for Java compile cache (C:\Users\USER\AndroidStudioProjects\LatihanConstraint\.gradle\6.1.1\javaCompile)" [_thread_blocked, id=6740, stack(0x0000000026d80000,0x0000000026e80000)]
  0x000000001bbd1000 JavaThread "Cache worker for Java compile cache (C:\Users\USER\.gradle\caches\6.1.1\javaCompile)" [_thread_blocked, id=6992, stack(0x0000000024e70000,0x0000000024f70000)]
  0x000000001bbc6000 JavaThread "WorkerExecutor Queue Thread 5" [_thread_blocked, id=2252, stack(0x0000000026a80000,0x0000000026b80000)]
  0x000000001bbcf000 JavaThread "stdout" [_thread_in_native, id=8528, stack(0x0000000026580000,0x0000000026680000)]
  0x000000001bbce000 JavaThread "stderr" [_thread_in_native, id=11816, stack(0x0000000026480000,0x0000000026580000)]
  0x000000001bbd4000 JavaThread "stdout" [_thread_in_native, id=11488, stack(0x0000000026380000,0x0000000026480000)]
  0x000000001bbc9800 JavaThread "stderr" [_thread_in_native, id=11320, stack(0x0000000026280000,0x0000000026380000)]
  0x000000001bbd0800 JavaThread "stdout" [_thread_in_native, id=11972, stack(0x0000000026180000,0x0000000026280000)]
  0x000000001bbc7800 JavaThread "stderr" [_thread_in_native, id=11760, stack(0x0000000026080000,0x0000000026180000)]
  0x000000001bbc9000 JavaThread "stdout" [_thread_in_native, id=3564, stack(0x0000000025f80000,0x0000000026080000)]
  0x000000001bbc6800 JavaThread "stderr" [_thread_in_native, id=2088, stack(0x0000000025b10000,0x0000000025c10000)]
  0x000000001bbcc000 JavaThread "pool-2-thread-1" [_thread_blocked, id=5896, stack(0x0000000025e80000,0x0000000025f80000)]
  0x000000001bbc8000 JavaThread "MarlinRenderer Disposer" daemon [_thread_blocked, id=1232, stack(0x0000000025a10000,0x0000000025b10000)]
  0x000000001bbcd800 JavaThread "Java2D Disposer" daemon [_thread_blocked, id=11348, stack(0x0000000025910000,0x0000000025a10000)]
  0x000000001bbcb000 JavaThread "WorkerExecutor Queue Thread 4" [_thread_blocked, id=8984, stack(0x0000000025610000,0x0000000025710000)]
  0x000000001bbc5000 JavaThread "WorkerExecutor Queue Thread 3" [_thread_blocked, id=1964, stack(0x0000000025510000,0x0000000025610000)]
  0x000000001bbca800 JavaThread "WorkerExecutor Queue Thread 2" [_thread_blocked, id=1696, stack(0x0000000025410000,0x0000000025510000)]
  0x000000001f308000 JavaThread "Cache worker for execution history cache (C:\Users\USER\AndroidStudioProjects\LatihanConstraint\.gradle\6.1.1\executionHistory)" [_thread_blocked, id=11540, stack(0x0000000024d70000,0x0000000024e70000)]
  0x000000001f307000 JavaThread "Execution worker for ':' Thread 3" [_thread_blocked, id=7828, stack(0x0000000024c70000,0x0000000024d70000)]
  0x000000001f304000 JavaThread "Execution worker for ':' Thread 2" [_thread_blocked, id=5300, stack(0x0000000024b70000,0x0000000024c70000)]
  0x000000001f303800 JavaThread "Execution worker for ':'" [_thread_blocked, id=11328, stack(0x00000000243f0000,0x00000000244f0000)]
  0x000000001f302800 JavaThread "Cache worker for file content cache (C:\Users\USER\AndroidStudioProjects\LatihanConstraint\.gradle\6.1.1\fileContent)" [_thread_blocked, id=11416, stack(0x00000000242f0000,0x00000000243f0000)]
  0x000000001f308800 JavaThread "Cache worker for file content cache (C:\Users\USER\.gradle\caches\6.1.1\fileContent)" [_thread_blocked, id=3432, stack(0x00000000241f0000,0x00000000242f0000)]
  0x000000001f2fb000 JavaThread "Memory manager" [_thread_blocked, id=4216, stack(0x00000000240f0000,0x00000000241f0000)]
  0x000000001f2fd800 JavaThread "Cache worker for Build Output Cleanup Cache (C:\Users\USER\AndroidStudioProjects\LatihanConstraint\.gradle\buildOutputCleanup)" [_thread_blocked, id=12004, stack(0x0000000022210000,0x0000000022310000)]
  0x000000001f2fa800 JavaThread "Build operations Thread 4" [_thread_blocked, id=8780, stack(0x0000000021f10000,0x0000000022010000)]
  0x000000001f2fc000 JavaThread "Build operations Thread 3" [_thread_blocked, id=10640, stack(0x0000000021e10000,0x0000000021f10000)]
  0x000000001f301000 JavaThread "Build operations Thread 2" [_thread_blocked, id=2924, stack(0x0000000021d10000,0x0000000021e10000)]
  0x000000001f2f9800 JavaThread "Build operations" [_thread_blocked, id=1448, stack(0x0000000021c10000,0x0000000021d10000)]
  0x000000001a1b9800 JavaThread "Cache worker for execution history cache (C:\Users\USER\.gradle\caches\6.1.1\executionHistory)" [_thread_blocked, id=6556, stack(0x0000000021110000,0x0000000021210000)]
  0x000000001a1b8800 JavaThread "Cache worker for cache directory md-rule (C:\Users\USER\.gradle\caches\6.1.1\md-rule)" [_thread_blocked, id=12036, stack(0x0000000021010000,0x0000000021110000)]
  0x000000001a1bd000 JavaThread "Cache worker for cache directory md-supplier (C:\Users\USER\.gradle\caches\6.1.1\md-supplier)" [_thread_blocked, id=5636, stack(0x0000000020f10000,0x0000000021010000)]
  0x000000001a1bf800 JavaThread "Cache worker for file hash cache (C:\Users\USER\AndroidStudioProjects\LatihanConstraint\.gradle\6.1.1\fileHashes)" [_thread_blocked, id=11200, stack(0x0000000020e10000,0x0000000020f10000)]
  0x000000001a1be800 JavaThread "Cache worker for checksums cache (C:\Users\USER\AndroidStudioProjects\LatihanConstraint\.gradle\checksums)" [_thread_blocked, id=9740, stack(0x0000000020d10000,0x0000000020e10000)]
  0x000000001a1bc800 JavaThread "Cache worker for file hash cache (C:\Users\USER\.gradle\caches\6.1.1\fileHashes)" [_thread_blocked, id=3604, stack(0x000000001d4f0000,0x000000001d5f0000)]
  0x000000001a1bb000 JavaThread "File lock request listener" [_thread_in_native, id=5068, stack(0x000000001d3f0000,0x000000001d4f0000)]
  0x000000001a88f000 JavaThread "Cache worker for journal cache (C:\Users\USER\.gradle\caches\journal-1)" [_thread_blocked, id=7108, stack(0x000000001d2f0000,0x000000001d3f0000)]
  0x000000001b224000 JavaThread "Thread-9" [_thread_blocked, id=12124, stack(0x000000001cff0000,0x000000001d0f0000)]
  0x000000001b22a000 JavaThread "Stdin handler" [_thread_blocked, id=4316, stack(0x000000001cef0000,0x000000001cff0000)]
  0x000000001b216000 JavaThread "Asynchronous log dispatcher for DefaultDaemonConnection: socket connection from /127.0.0.1:11306 to /127.0.0.1:11307" [_thread_blocked, id=4660, stack(0x000000001cdf0000,0x000000001cef0000)]
  0x000000001b214000 JavaThread "Daemon worker" [_thread_blocked, id=1000, stack(0x000000001ccf0000,0x000000001cdf0000)]
  0x000000001b22e000 JavaThread "Cancel handler" [_thread_blocked, id=9276, stack(0x000000001cbf0000,0x000000001ccf0000)]
  0x000000001b1fa000 JavaThread "Handler for socket connection from /127.0.0.1:11306 to /127.0.0.1:11307" [_thread_in_native, id=9472, stack(0x000000001c8f0000,0x000000001c9f0000)]
  0x000000001b1f5800 JavaThread "Daemon" [_thread_blocked, id=5856, stack(0x000000001c7f0000,0x000000001c8f0000)]
  0x000000001b1a2800 JavaThread "Daemon periodic checks" [_thread_blocked, id=4180, stack(0x000000001c6f0000,0x000000001c7f0000)]
  0x000000001b1a1800 JavaThread "Incoming local TCP Connector on port 11306" [_thread_in_native, id=9624, stack(0x000000001c4b0000,0x000000001c5b0000)]
  0x000000001b148000 JavaThread "Daemon health stats" [_thread_blocked, id=11948, stack(0x000000001be70000,0x000000001bf70000)]
  0x00000000177dd000 JavaThread "Service Thread" daemon [_thread_blocked, id=7796, stack(0x00000000194d0000,0x00000000195d0000)]
  0x000000001779a800 JavaThread "C1 CompilerThread2" daemon [_thread_blocked, id=4352, stack(0x0000000018fd0000,0x00000000190d0000)]
=>0x000000001778c000 JavaThread "C2 CompilerThread1" daemon [_thread_in_native, id=8572, stack(0x0000000018ed0000,0x0000000018fd0000)]
  0x0000000017782000 JavaThread "C2 CompilerThread0" daemon [_thread_blocked, id=9640, stack(0x0000000018dd0000,0x0000000018ed0000)]
  0x0000000017781000 JavaThread "Attach Listener" daemon [_thread_blocked, id=10748, stack(0x0000000018cd0000,0x0000000018dd0000)]
  0x0000000017785800 JavaThread "Signal Dispatcher" daemon [_thread_blocked, id=1816, stack(0x0000000018bd0000,0x0000000018cd0000)]
  0x0000000002b5b800 JavaThread "Finalizer" daemon [_thread_blocked, id=12084, stack(0x00000000189d0000,0x0000000018ad0000)]
  0x0000000017769000 JavaThread "Reference Handler" daemon [_thread_blocked, id=10772, stack(0x00000000188d0000,0x00000000189d0000)]
  0x0000000002a1e000 JavaThread "main" [_thread_blocked, id=5172, stack(0x0000000002900000,0x0000000002a00000)]

Other Threads:
  0x0000000017747800 VMThread [stack: 0x00000000187d0000,0x00000000188d0000] [id=5356]
  0x00000000177dd800 WatcherThread [stack: 0x00000000195d0000,0x00000000196d0000] [id=4736]

VM state:at safepoint (normal execution)

VM Mutex/Monitor currently owned by a thread:  ([mutex/lock_event])
[0x0000000002a1cc60] Threads_lock - owner thread: 0x0000000017747800
[0x0000000002a1d0e0] Heap_lock - owner thread: 0x000000001bbca800

heap address: 0x0000000080000000, size: 2048 MB, Compressed Oops mode: 32-bit
Narrow klass base: 0x0000000000000000, Narrow klass shift: 3
Compressed class space size: 1073741824 Address: 0x0000000100000000

Heap:
 PSYoungGen      total 251904K, used 14757K [0x00000000d5580000, 0x00000000e9000000, 0x0000000100000000)
  eden space 228864K, 0% used [0x00000000d5580000,0x00000000d5580000,0x00000000e3500000)
  from space 23040K, 64% used [0x00000000e7980000,0x00000000e87e95b0,0x00000000e9000000)
  to   space 20480K, 0% used [0x00000000e3500000,0x00000000e3500000,0x00000000e4900000)
 ParOldGen       total 83968K, used 54536K [0x0000000080000000, 0x0000000085200000, 0x00000000d5580000)
  object space 83968K, 64% used [0x0000000080000000,0x0000000083542338,0x0000000085200000)
 Metaspace       used 81610K, capacity 85148K, committed 85272K, reserved 1126400K
  class space    used 11031K, capacity 11729K, committed 11824K, reserved 1048576K

Card table byte_map: [0x0000000011f20000,0x0000000012330000] byte_map_base: 0x0000000011b20000

Marking Bits: (ParMarkBitMap*) 0x0000000051daf030
 Begin Bits: [0x00000000129e0000, 0x00000000149e0000)
 End Bits:   [0x00000000149e0000, 0x00000000169e0000)

Polling page: 0x0000000000bf0000

CodeCache: size=245760Kb used=30236Kb max_used=30863Kb free=215523Kb
 bounds [0x0000000002b60000, 0x00000000049b0000, 0x0000000011b60000]
 total_blobs=10534 nmethods=9561 adapters=886
 compilation: enabled

Compilation events (10 events):
Event: 61.973 Thread 0x000000001779a800 nmethod 11314 0x00000000045f13d0 code [0x00000000045f1520, 0x00000000045f1670]
Event: 61.973 Thread 0x000000001779a800 11315       3       com.android.build.gradle.internal.packaging.ParsedPackagingOptions::getAction (162 bytes)
Event: 61.978 Thread 0x000000001779a800 nmethod 11315 0x00000000045a6550 code [0x00000000045a6a40, 0x00000000045a9b98]
Event: 61.978 Thread 0x000000001779a800 11316       3       com.android.build.gradle.internal.packaging.ParsedPackagingOptions$getAction$1::<init> (10 bytes)
Event: 61.978 Thread 0x000000001779a800 nmethod 11316 0x00000000045507d0 code [0x0000000004550920, 0x0000000004550af0]
Event: 61.978 Thread 0x000000001779a800 11317       3       com.android.build.gradle.internal.packaging.ParsedPackagingOptions$getAction$2::<init> (10 bytes)
Event: 61.979 Thread 0x000000001779a800 nmethod 11317 0x00000000036ce390 code [0x00000000036ce4e0, 0x00000000036ce6b0]
Event: 61.979 Thread 0x000000001779a800 11318       3       com.android.build.gradle.internal.packaging.ParsedPackagingOptions$getAction$2::test (9 bytes)
Event: 61.979 Thread 0x000000001779a800 nmethod 11318 0x0000000004607890 code [0x0000000004607a00, 0x0000000004607e08]
Event: 61.979 Thread 0x000000001779a800 11319  s    3       com.android.tools.build.apkzlib.utils.CachedSupplier::get (30 bytes)

GC Heap History (10 events):
Event: 21.839 GC heap after
Heap after GC invocations=14 (full 2):
 PSYoungGen      total 200704K, used 13989K [0x00000000d5580000, 0x00000000e2c00000, 0x0000000100000000)
  eden space 185856K, 0% used [0x00000000d5580000,0x00000000d5580000,0x00000000e0b00000)
  from space 14848K, 94% used [0x00000000e1c80000,0x00000000e2a29550,0x00000000e2b00000)
  to   space 16896K, 0% used [0x00000000e0b00000,0x00000000e0b00000,0x00000000e1b80000)
 ParOldGen       total 49664K, used 28095K [0x0000000080000000, 0x0000000083080000, 0x00000000d5580000)
  object space 49664K, 56% used [0x0000000080000000,0x0000000081b6fc80,0x0000000083080000)
 Metaspace       used 56985K, capacity 58934K, committed 59160K, reserved 1099776K
  class space    used 7809K, capacity 8240K, committed 8240K, reserved 1048576K
}
Event: 21.839 GC heap before
{Heap before GC invocations=15 (full 3):
 PSYoungGen      total 200704K, used 13989K [0x00000000d5580000, 0x00000000e2c00000, 0x0000000100000000)
  eden space 185856K, 0% used [0x00000000d5580000,0x00000000d5580000,0x00000000e0b00000)
  from space 14848K, 94% used [0x00000000e1c80000,0x00000000e2a29550,0x00000000e2b00000)
  to   space 16896K, 0% used [0x00000000e0b00000,0x00000000e0b00000,0x00000000e1b80000)
 ParOldGen       total 49664K, used 28095K [0x0000000080000000, 0x0000000083080000, 0x00000000d5580000)
  object space 49664K, 56% used [0x0000000080000000,0x0000000081b6fc80,0x0000000083080000)
 Metaspace       used 56985K, capacity 58934K, committed 59160K, reserved 1099776K
  class space    used 7809K, capacity 8240K, committed 8240K, reserved 1048576K
Event: 22.226 GC heap after
Heap after GC invocations=15 (full 3):
 PSYoungGen      total 200704K, used 0K [0x00000000d5580000, 0x00000000e2c00000, 0x0000000100000000)
  eden space 185856K, 0% used [0x00000000d5580000,0x00000000d5580000,0x00000000e0b00000)
  from space 14848K, 0% used [0x00000000e1c80000,0x00000000e1c80000,0x00000000e2b00000)
  to   space 16896K, 0% used [0x00000000e0b00000,0x00000000e0b00000,0x00000000e1b80000)
 ParOldGen       total 83968K, used 34291K [0x0000000080000000, 0x0000000085200000, 0x00000000d5580000)
  object space 83968K, 40% used [0x0000000080000000,0x000000008217cfd8,0x0000000085200000)
 Metaspace       used 56976K, capacity 58904K, committed 59160K, reserved 1099776K
  class space    used 7806K, capacity 8235K, committed 8240K, reserved 1048576K
}
Event: 30.280 GC heap before
{Heap before GC invocations=16 (full 3):
 PSYoungGen      total 200704K, used 185856K [0x00000000d5580000, 0x00000000e2c00000, 0x0000000100000000)
  eden space 185856K, 100% used [0x00000000d5580000,0x00000000e0b00000,0x00000000e0b00000)
  from space 14848K, 0% used [0x00000000e1c80000,0x00000000e1c80000,0x00000000e2b00000)
  to   space 16896K, 0% used [0x00000000e0b00000,0x00000000e0b00000,0x00000000e1b80000)
 ParOldGen       total 83968K, used 34291K [0x0000000080000000, 0x0000000085200000, 0x00000000d5580000)
  object space 83968K, 40% used [0x0000000080000000,0x000000008217cfd8,0x0000000085200000)
 Metaspace       used 63437K, capacity 66224K, committed 66328K, reserved 1105920K
  class space    used 8684K, capacity 9263K, committed 9264K, reserved 1048576K
Event: 30.340 GC heap after
Heap after GC invocations=16 (full 3):
 PSYoungGen      total 202752K, used 16879K [0x00000000d5580000, 0x00000000e6500000, 0x0000000100000000)
  eden space 185856K, 0% used [0x00000000d5580000,0x00000000d5580000,0x00000000e0b00000)
  from space 16896K, 99% used [0x00000000e0b00000,0x00000000e1b7be18,0x00000000e1b80000)
  to   space 20992K, 0% used [0x00000000e5080000,0x00000000e5080000,0x00000000e6500000)
 ParOldGen       total 83968K, used 38450K [0x0000000080000000, 0x0000000085200000, 0x00000000d5580000)
  object space 83968K, 45% used [0x0000000080000000,0x000000008258cb00,0x0000000085200000)
 Metaspace       used 63437K, capacity 66224K, committed 66328K, reserved 1105920K
  class space    used 8684K, capacity 9263K, committed 9264K, reserved 1048576K
}
Event: 51.215 GC heap before
{Heap before GC invocations=17 (full 3):
 PSYoungGen      total 202752K, used 202735K [0x00000000d5580000, 0x00000000e6500000, 0x0000000100000000)
  eden space 185856K, 100% used [0x00000000d5580000,0x00000000e0b00000,0x00000000e0b00000)
  from space 16896K, 99% used [0x00000000e0b00000,0x00000000e1b7be18,0x00000000e1b80000)
  to   space 20992K, 0% used [0x00000000e5080000,0x00000000e5080000,0x00000000e6500000)
 ParOldGen       total 83968K, used 38450K [0x0000000080000000, 0x0000000085200000, 0x00000000d5580000)
  object space 83968K, 45% used [0x0000000080000000,0x000000008258cb00,0x0000000085200000)
 Metaspace       used 70660K, capacity 73580K, committed 73880K, reserved 1114112K
  class space    used 9478K, capacity 10089K, committed 10160K, reserved 1048576K
Event: 51.261 GC heap after
Heap after GC invocations=17 (full 3):
 PSYoungGen      total 241664K, used 10770K [0x00000000d5580000, 0x00000000e5d00000, 0x0000000100000000)
  eden space 228864K, 0% used [0x00000000d5580000,0x00000000d5580000,0x00000000e3500000)
  from space 12800K, 84% used [0x00000000e5080000,0x00000000e5b048c0,0x00000000e5d00000)
  to   space 20480K, 0% used [0x00000000e3500000,0x00000000e3500000,0x00000000e4900000)
 ParOldGen       total 83968K, used 54520K [0x0000000080000000, 0x0000000085200000, 0x00000000d5580000)
  object space 83968K, 64% used [0x0000000080000000,0x000000008353e338,0x0000000085200000)
 Metaspace       used 70660K, capacity 73580K, committed 73880K, reserved 1114112K
  class space    used 9478K, capacity 10089K, committed 10160K, reserved 1048576K
}
Event: 61.478 GC heap before
{Heap before GC invocations=18 (full 3):
 PSYoungGen      total 241664K, used 239634K [0x00000000d5580000, 0x00000000e5d00000, 0x0000000100000000)
  eden space 228864K, 100% used [0x00000000d5580000,0x00000000e3500000,0x00000000e3500000)
  from space 12800K, 84% used [0x00000000e5080000,0x00000000e5b048c0,0x00000000e5d00000)
  to   space 20480K, 0% used [0x00000000e3500000,0x00000000e3500000,0x00000000e4900000)
 ParOldGen       total 83968K, used 54520K [0x0000000080000000, 0x0000000085200000, 0x00000000d5580000)
  object space 83968K, 64% used [0x0000000080000000,0x000000008353e338,0x0000000085200000)
 Metaspace       used 79392K, capacity 82852K, committed 83096K, reserved 1120256K
  class space    used 10640K, capacity 11313K, committed 11440K, reserved 1048576K
Event: 61.524 GC heap after
Heap after GC invocations=18 (full 3):
 PSYoungGen      total 249344K, used 18290K [0x00000000d5580000, 0x00000000e9000000, 0x0000000100000000)
  eden space 228864K, 0% used [0x00000000d5580000,0x00000000d5580000,0x00000000e3500000)
  from space 20480K, 89% used [0x00000000e3500000,0x00000000e46dcb38,0x00000000e4900000)
  to   space 23040K, 0% used [0x00000000e7980000,0x00000000e7980000,0x00000000e9000000)
 ParOldGen       total 83968K, used 54528K [0x0000000080000000, 0x0000000085200000, 0x00000000d5580000)
  object space 83968K, 64% used [0x0000000080000000,0x0000000083540338,0x0000000085200000)
 Metaspace       used 79392K, capacity 82852K, committed 83096K, reserved 1120256K
  class space    used 10640K, capacity 11313K, committed 11440K, reserved 1048576K
}
Event: 61.980 GC heap before
{Heap before GC invocations=19 (full 3):
 PSYoungGen      total 249344K, used 38959K [0x00000000d5580000, 0x00000000e9000000, 0x0000000100000000)
  eden space 228864K, 9% used [0x00000000d5580000,0x00000000d69af168,0x00000000e3500000)
  from space 20480K, 89% used [0x00000000e3500000,0x00000000e46dcb38,0x00000000e4900000)
  to   space 23040K, 0% used [0x00000000e7980000,0x00000000e7980000,0x00000000e9000000)
 ParOldGen       total 83968K, used 54528K [0x0000000080000000, 0x0000000085200000, 0x00000000d5580000)
  object space 83968K, 64% used [0x0000000080000000,0x0000000083540338,0x0000000085200000)
 Metaspace       used 81610K, capacity 85148K, committed 85272K, reserved 1126400K
  class space    used 11031K, capacity 11729K, committed 11824K, reserved 1048576K

Deoptimization events (10 events):
Event: 61.710 Thread 0x000000001bbc6000 Uncommon trap: reason=unstable_if action=reinterpret pc=0x0000000004982080 method=com.android.tools.r8.utils.W.d(I)Z @ 45
Event: 61.710 Thread 0x000000001bbca800 Uncommon trap: reason=unstable_if action=reinterpret pc=0x0000000004982080 method=com.android.tools.r8.utils.W.d(I)Z @ 45
Event: 61.731 Thread 0x000000001bbcb000 Uncommon trap: reason=bimorphic action=maybe_recompile pc=0x0000000004321730 method=java.util.function.Predicate.lambda$and$0(Ljava/util/function/Predicate;Ljava/lang/Object;)Z @ 2
Event: 61.731 Thread 0x000000001bbcb000 Uncommon trap: reason=bimorphic action=maybe_recompile pc=0x0000000004321730 method=java.util.function.Predicate.lambda$and$0(Ljava/util/function/Predicate;Ljava/lang/Object;)Z @ 2
Event: 61.732 Thread 0x000000001bbcb000 Uncommon trap: reason=bimorphic action=maybe_recompile pc=0x0000000004321730 method=java.util.function.Predicate.lambda$and$0(Ljava/util/function/Predicate;Ljava/lang/Object;)Z @ 2
Event: 61.732 Thread 0x000000001bbcb000 Uncommon trap: reason=bimorphic action=maybe_recompile pc=0x0000000004321730 method=java.util.function.Predicate.lambda$and$0(Ljava/util/function/Predicate;Ljava/lang/Object;)Z @ 2
Event: 61.739 Thread 0x000000001bbcb000 Uncommon trap: reason=class_check action=maybe_recompile pc=0x0000000003996b18 method=java.util.function.Predicate.lambda$and$0(Ljava/util/function/Predicate;Ljava/lang/Object;)Z @ 12
Event: 61.740 Thread 0x000000001bbcb000 Uncommon trap: reason=class_check action=maybe_recompile pc=0x0000000003996b18 method=java.util.function.Predicate.lambda$and$0(Ljava/util/function/Predicate;Ljava/lang/Object;)Z @ 12
Event: 61.741 Thread 0x000000001bbcb000 Uncommon trap: reason=class_check action=maybe_recompile pc=0x0000000003996b18 method=java.util.function.Predicate.lambda$and$0(Ljava/util/function/Predicate;Ljava/lang/Object;)Z @ 12
Event: 61.741 Thread 0x000000001bbcb000 Uncommon trap: reason=class_check action=maybe_recompile pc=0x0000000003996b18 method=java.util.function.Predicate.lambda$and$0(Ljava/util/function/Predicate;Ljava/lang/Object;)Z @ 12

Classes redefined (0 events):
No events

Internal exceptions (10 events):
Event: 59.522 Thread 0x000000001f303800 Exception <a 'java/lang/NoSuchMethodError': <clinit>> (0x00000000e0dea788) thrown at [C:\src\AOSP-openjdk-git\hotspot\src\share\vm\prims\jni.cpp, line 1615]
Event: 59.523 Thread 0x000000001f303800 Exception <a 'java/lang/NoSuchMethodError': <clinit>> (0x00000000e0e0a6e0) thrown at [C:\src\AOSP-openjdk-git\hotspot\src\share\vm\prims\jni.cpp, line 1615]
Event: 59.549 Thread 0x000000001bbcb000 Exception <a 'sun/nio/fs/WindowsException'> (0x00000000e0f92730) thrown at [C:\src\AOSP-openjdk-git\hotspot\src\share\vm\prims\jni.cpp, line 710]
Event: 59.596 Thread 0x000000001bbcb000 Exception <a 'java/lang/NoSuchMethodError': java.lang.Object.lambda$asRunnable$0(Lcom/android/tools/build/apkzlib/utils/IOExceptionRunnable;)V> (0x00000000e0fb8660) thrown at [C:\src\AOSP-openjdk-git\hotspot\src\share\vm\interpreter\linkResolver.cpp, line
Event: 59.974 Thread 0x000000001f307000 Implicit null exception at 0x00000000046c11ad to 0x00000000046c350d
Event: 59.993 Thread 0x000000001bbcb000 Exception <a 'java/lang/NoSuchMethodError': java.lang.Object.newSystemTemporaryDirectory()Lcom/android/tools/build/apkzlib/bytestorage/TemporaryDirectory;> (0x00000000e1498040) thrown at [C:\src\AOSP-openjdk-git\hotspot\src\share\vm\interpreter\linkResolv
Event: 60.379 Thread 0x000000001f307000 Exception <a 'sun/nio/fs/WindowsException'> (0x00000000e196e360) thrown at [C:\src\AOSP-openjdk-git\hotspot\src\share\vm\prims\jni.cpp, line 710]
Event: 60.482 Thread 0x000000001f307000 Exception <a 'java/lang/NoSuchMethodError': <clinit>> (0x00000000e1a16af8) thrown at [C:\src\AOSP-openjdk-git\hotspot\src\share\vm\prims\jni.cpp, line 1615]
Event: 60.584 Thread 0x000000001bbca800 Exception <a 'java/lang/NoSuchMethodError': java.lang.Object.lambda$static$0(Ljava/lang/String;)Z> (0x00000000e0f54e68) thrown at [C:\src\AOSP-openjdk-git\hotspot\src\share\vm\interpreter\linkResolver.cpp, line 620]
Event: 60.831 Thread 0x000000001bbc6000 Exception <a 'sun/nio/fs/WindowsException'> (0x00000000e21e8e28) thrown at [C:\src\AOSP-openjdk-git\hotspot\src\share\vm\prims\jni.cpp, line 710]

Events (10 events):
Event: 61.964 Thread 0x000000001779a800 flushing nmethod 0x00000000046508d0
Event: 61.968 loading class com/android/tools/r8/code/b3
Event: 61.968 loading class com/android/tools/r8/code/b3 done
Event: 61.972 Thread 0x000000001bbcb000 DEOPT PACKING pc=0x00000000038ceea4 sp=0x000000002570d740
Event: 61.972 Thread 0x000000001bbcb000 DEOPT UNPACKING pc=0x0000000002ba75d0 sp=0x000000002570d5f8 mode 0
Event: 61.977 loading class com/android/tools/r8/code/B0
Event: 61.977 loading class com/android/tools/r8/code/B0 done
Event: 61.979 loading class com/android/tools/r8/code/a3
Event: 61.979 loading class com/android/tools/r8/code/a3 done
Event: 61.979 Executing VM operation: CollectForMetadataAllocation


Dynamic libraries:
0x00007ff7c80a0000 - 0x00007ff7c80d1000 	C:\Program Files\Android\Android Studio\jre\bin\java.exe
0x00007ffec04c0000 - 0x00007ffec06b0000 	C:\WINDOWS\SYSTEM32\ntdll.dll
0x00007ffe8de60000 - 0x00007ffe8de72000 	C:\Program Files\AVAST Software\Avast\aswhook.dll
0x00007ffebf650000 - 0x00007ffebf702000 	C:\WINDOWS\System32\KERNEL32.DLL
0x00007ffebe1a0000 - 0x00007ffebe443000 	C:\WINDOWS\System32\KERNELBASE.dll
0x00007ffebeeb0000 - 0x00007ffebef53000 	C:\WINDOWS\System32\ADVAPI32.dll
0x00007ffebfd20000 - 0x00007ffebfdbe000 	C:\WINDOWS\System32\msvcrt.dll
0x00007ffebfe50000 - 0x00007ffebfee7000 	C:\WINDOWS\System32\sechost.dll
0x00007ffebf260000 - 0x00007ffebf380000 	C:\WINDOWS\System32\RPCRT4.dll
0x00007ffebf710000 - 0x00007ffebf8a4000 	C:\WINDOWS\System32\USER32.dll
0x00007ffebe540000 - 0x00007ffebe561000 	C:\WINDOWS\System32\win32u.dll
0x00007ffebf010000 - 0x00007ffebf036000 	C:\WINDOWS\System32\GDI32.dll
0x00007ffebd480000 - 0x00007ffebd614000 	C:\WINDOWS\System32\gdi32full.dll
0x00007ffebe4a0000 - 0x00007ffebe53e000 	C:\WINDOWS\System32\msvcp_win.dll
0x00007ffebd750000 - 0x00007ffebd84a000 	C:\WINDOWS\System32\ucrtbase.dll
0x00007ffea7a30000 - 0x00007ffea7cb5000 	C:\WINDOWS\WinSxS\amd64_microsoft.windows.common-controls_6595b64144ccf1df_6.0.18362.778_none_e6c6b761130d4fb8\COMCTL32.dll
0x00007ffebfef0000 - 0x00007ffec0226000 	C:\WINDOWS\System32\combase.dll
0x00007ffebdfd0000 - 0x00007ffebe050000 	C:\WINDOWS\System32\bcryptPrimitives.dll
0x00007ffebe6c0000 - 0x00007ffebe6ee000 	C:\WINDOWS\System32\IMM32.DLL
0x00000000512f0000 - 0x00000000513c2000 	C:\Program Files\Android\Android Studio\jre\jre\bin\msvcr100.dll
0x00000000515e0000 - 0x0000000051e2b000 	C:\Program Files\Android\Android Studio\jre\jre\bin\server\jvm.dll
0x00007ffebe6b0000 - 0x00007ffebe6b8000 	C:\WINDOWS\System32\PSAPI.DLL
0x00007ffeabd20000 - 0x00007ffeabd29000 	C:\WINDOWS\SYSTEM32\WSOCK32.dll
0x00007ffebe570000 - 0x00007ffebe5df000 	C:\WINDOWS\System32\WS2_32.dll
0x00007ffebafc0000 - 0x00007ffebafe4000 	C:\WINDOWS\SYSTEM32\WINMM.dll
0x00007ffeb85e0000 - 0x00007ffeb85ea000 	C:\WINDOWS\SYSTEM32\VERSION.dll
0x00007ffebaf90000 - 0x00007ffebafbd000 	C:\WINDOWS\SYSTEM32\WINMMBASE.dll
0x00007ffebe450000 - 0x00007ffebe49a000 	C:\WINDOWS\System32\cfgmgr32.dll
0x00007ffeb9250000 - 0x00007ffeb925f000 	C:\Program Files\Android\Android Studio\jre\jre\bin\verify.dll
0x00007ffeb2350000 - 0x00007ffeb2379000 	C:\Program Files\Android\Android Studio\jre\jre\bin\java.dll
0x00007ffeb8000000 - 0x00007ffeb8016000 	C:\Program Files\Android\Android Studio\jre\jre\bin\zip.dll
0x00007ffebe6f0000 - 0x00007ffebedd5000 	C:\WINDOWS\System32\SHELL32.dll
0x00007ffebef60000 - 0x00007ffebf009000 	C:\WINDOWS\System32\shcore.dll
0x00007ffebd850000 - 0x00007ffebdfd0000 	C:\WINDOWS\System32\windows.storage.dll
0x00007ffebd3e0000 - 0x00007ffebd403000 	C:\WINDOWS\System32\profapi.dll
0x00007ffebd390000 - 0x00007ffebd3da000 	C:\WINDOWS\System32\powrprof.dll
0x00007ffebd380000 - 0x00007ffebd390000 	C:\WINDOWS\System32\UMPDC.dll
0x00007ffebf0a0000 - 0x00007ffebf0f2000 	C:\WINDOWS\System32\shlwapi.dll
0x00007ffebd410000 - 0x00007ffebd421000 	C:\WINDOWS\System32\kernel.appcore.dll
0x00007ffebd620000 - 0x00007ffebd637000 	C:\WINDOWS\System32\cryptsp.dll
0x00007ffeb2540000 - 0x00007ffeb255a000 	C:\Program Files\Android\Android Studio\jre\jre\bin\net.dll
0x00007ffebcb90000 - 0x00007ffebcbf7000 	C:\WINDOWS\system32\mswsock.dll
0x00007ffeb20d0000 - 0x00007ffeb20e3000 	C:\Program Files\Android\Android Studio\jre\jre\bin\nio.dll
0x00007ffe9b580000 - 0x00007ffe9b5a6000 	C:\Users\USER\.gradle\native\31\windows-amd64\native-platform.dll
0x00007ffeb5dc0000 - 0x00007ffeb5dcd000 	C:\Program Files\Android\Android Studio\jre\jre\bin\management.dll
0x00007ffebc700000 - 0x00007ffebc733000 	C:\WINDOWS\system32\rsaenh.dll
0x00007ffebd450000 - 0x00007ffebd476000 	C:\WINDOWS\System32\bcrypt.dll
0x00007ffebd2a0000 - 0x00007ffebd2c5000 	C:\WINDOWS\SYSTEM32\USERENV.dll
0x00007ffebcd60000 - 0x00007ffebcd6c000 	C:\WINDOWS\SYSTEM32\CRYPTBASE.dll
0x00007ffebc8a0000 - 0x00007ffebc8da000 	C:\WINDOWS\SYSTEM32\IPHLPAPI.DLL
0x00007ffec03e0000 - 0x00007ffec03e8000 	C:\WINDOWS\System32\NSI.dll
0x00007ffeb7470000 - 0x00007ffeb7486000 	C:\WINDOWS\SYSTEM32\dhcpcsvc6.DLL
0x00007ffeb7cf0000 - 0x00007ffeb7d0c000 	C:\WINDOWS\SYSTEM32\dhcpcsvc.DLL
0x00007ffebc8e0000 - 0x00007ffebc9aa000 	C:\WINDOWS\SYSTEM32\DNSAPI.dll
0x00007ffe948c0000 - 0x00007ffe94a5c000 	C:\Program Files\Android\Android Studio\jre\jre\bin\awt.dll
0x00007ffebede0000 - 0x00007ffebeea4000 	C:\WINDOWS\System32\OLEAUT32.dll
0x00007ffebbc30000 - 0x00007ffebbc5d000 	C:\WINDOWS\SYSTEM32\dwmapi.dll
0x00007ffeba270000 - 0x00007ffeba830000 	C:\WINDOWS\SYSTEM32\d2d1.dll
0x00007ffebb600000 - 0x00007ffebb68f000 	C:\WINDOWS\SYSTEM32\apphelp.dll
0x00007ffebb980000 - 0x00007ffebba19000 	C:\WINDOWS\system32\uxtheme.dll

VM Arguments:
jvm_args: -Xmx2048m -Dfile.encoding=windows-1252 -Duser.country=US -Duser.language=en -Duser.variant 
java_command: org.gradle.launcher.daemon.bootstrap.GradleDaemon 6.1.1
java_class_path (initial): C:\Users\USER\.gradle\wrapper\dists\gradle-6.1.1-all\cfmwm155h49vnt3hynmlrsdst\gradle-6.1.1\lib\gradle-launcher-6.1.1.jar
Launcher Type: SUN_STANDARD

Environment Variables:
JAVA_HOME=C:\Program Files\Java\jdk-12.0.2
PATH=C:\Program Files\nodejs;C:\Program Files (x86)\Common Files\Oracle\Java\javapath;C:\Program Files (x86)\Common Files\Intel\Shared Files\cpp\bin\Intel64;C:\WINDOWS\system32;C:\WINDOWS;C:\WINDOWS\System32\Wbem;C:\WINDOWS\System32\WindowsPowerShell\v1.0\;C:\Program Files\Microsoft SQL Server\120\Tools\Binn\;C:\Program Files\Java\jdk1.8.0_172\bin;C:\Program Files\apache-ant-1.10.6\bin;C:\Users\USER\AppData\Local\Android\android-sdk\tools\bin;C:\Program Files (x86)\gradle\bin;C:\Users\USER\AppData\Local\Android\android-sdk\platform-tools;C:\Users\USER\AppData\Local\Android\android-sdk\tools;C:\Program Files\Git\bin;C:\WINDOWS\System32\OpenSSH\;C:\xampp\php;C:\ProgramData\ComposerSetup\bin;C:\Users\USER\AppData\Local\Programs\Python\Python37-32\Scripts\;C:\Users\USER\AppData\Local\Programs\Python\Python37-32\;C:\Users\USER\AppData\Local\atom\bin;C:\Users\USER\AppData\Roaming\npm;C:\Users\USER\AppData\Local\Programs\Microsoft VS Code\bin;C:\Users\USER\AppData\Local\Microsoft\WindowsApps;D:\Rabbani S F M\Coding\laravel\composer\bin;C:\Users\USER\AppData\Roaming\Composer\vendor\bin
USERNAME=RabbaniSidiqFM
OS=Windows_NT
PROCESSOR_IDENTIFIER=Intel64 Family 6 Model 78 Stepping 3, GenuineIntel



---------------  S Y S T E M  ---------------

OS: Windows 10.0 , 64 bit Build 18362 (10.0.18362.778)

CPU:total 4 (initial active 4) (2 cores per cpu, 2 threads per core) family 6 model 78 stepping 3, cmov, cx8, fxsr, mmx, sse, sse2, sse3, ssse3, sse4.1, sse4.2, popcnt, avx, avx2, aes, clmul, erms, 3dnowpref, lzcnt, ht, tsc, tscinvbit, bmi1, bmi2, adx

Memory: 4k page, physical 4066020k(64356k free), swap 5491428k(5160k free)

vm_info: OpenJDK 64-Bit Server VM (25.242-b01) for windows-amd64 JRE (1.8.0_242-release-1644-b01), built by "builder" with MS VC++ 10.0 (VS2010)

time: Tue Aug 18 18:25:09 2020
timezone: SE Asia Standard Time
elapsed time: 62 seconds (0d 0h 1m 2s)

